WARN [mprocs::app] Ignore input event: FocusLost
WARN [mprocs::app] Ignore input event: FocusGained
WARN [mprocs::app] Ignore input event: FocusLost
WARN [mprocs::app] Ignore input event: FocusGained
WARN [mprocs::app] Ignore input event: FocusLost
WARN [mprocs::app] Ignore input event: FocusGained
WARN [mprocs::app] Ignore input event: FocusLost
ERROR [portable_pty::win::psuedocon] CreateProcessW `"C:\\nvm4w\\nodejs\\npm run inngest:dev\0"` in cwd `Some("E:\\coisas\\SI\\projets\\saas-automation\\nodebase\0")` failed: %1 não é um aplicativo Win32 válido. (os error 193)
ERROR [portable_pty::win::psuedocon] CreateProcessW `"C:\\nvm4w\\nodejs\\npm run dev\0"` in cwd `Some("E:\\coisas\\SI\\projets\\saas-automation\\nodebase\0")` failed: %1 não é um aplicativo Win32 válido. (os error 193)
WARN [mprocs::app] Ignore input event: FocusLost
WARN [mprocs::app] Ignore input event: FocusGained
WARN [mprocs::app] Ignore input event: FocusLost
WARN [mprocs::app] Ignore input event: FocusGained
WARN [mprocs::app] Ignore input event: FocusLost
WARN [mprocs::app] Ignore input event: FocusGained
WARN [mprocs::app] Ignore input event: FocusLost
WARN [mprocs::app] Ignore input event: FocusGained
ERROR [portable_pty::win::psuedocon] CreateProcessW `"C:\\nvm4w\\nodejs\\npm run dev\0"` in cwd `Some("E:\\coisas\\SI\\projets\\saas-automation\\nodebase\0")` failed: %1 não é um aplicativo Win32 válido. (os error 193)
ERROR [portable_pty::win::psuedocon] CreateProcessW `"C:\\nvm4w\\nodejs\\npm run inngest:dev\0"` in cwd `Some("E:\\coisas\\SI\\projets\\saas-automation\\nodebase\0")` failed: %1 não é um aplicativo Win32 válido. (os error 193)
ERROR [portable_pty::win::psuedocon] CreateProcessW `"C:\\nvm4w\\nodejs\\npm run inngest:dev\0"` in cwd `Some("E:\\coisas\\SI\\projets\\saas-automation\\nodebase\0")` failed: %1 não é um aplicativo Win32 válido. (os error 193)
ERROR [portable_pty::win::psuedocon] CreateProcessW `"C:\\nvm4w\\nodejs\\npm run inngest:dev\0"` in cwd `Some("E:\\coisas\\SI\\projets\\saas-automation\\nodebase\0")` failed: %1 não é um aplicativo Win32 válido. (os error 193)
ERROR [portable_pty::win::psuedocon] CreateProcessW `"C:\\nvm4w\\nodejs\\npm run dev\0"` in cwd `Some("E:\\coisas\\SI\\projets\\saas-automation\\nodebase\0")` failed: %1 não é um aplicativo Win32 válido. (os error 193)
ERROR [portable_pty::win::psuedocon] CreateProcessW `"C:\\nvm4w\\nodejs\\npm run inngest:dev\0"` in cwd `Some("E:\\coisas\\SI\\projets\\saas-automation\\nodebase\0")` failed: %1 não é um aplicativo Win32 válido. (os error 193)
ERROR [portable_pty::win::psuedocon] CreateProcessW `"C:\\nvm4w\\nodejs\\npm run inngest:dev\0"` in cwd `Some("E:\\coisas\\SI\\projets\\saas-automation\\nodebase\0")` failed: %1 não é um aplicativo Win32 válido. (os error 193)
ERROR [portable_pty::win::psuedocon] CreateProcessW `"C:\\nvm4w\\nodejs\\npm run dev\0"` in cwd `Some("E:\\coisas\\SI\\projets\\saas-automation\\nodebase\0")` failed: %1 não é um aplicativo Win32 válido. (os error 193)
ERROR [portable_pty::win::psuedocon] CreateProcessW `"C:\\nvm4w\\nodejs\\npm run inngest:dev\0"` in cwd `Some("E:\\coisas\\SI\\projets\\saas-automation\\nodebase\0")` failed: %1 não é um aplicativo Win32 válido. (os error 193)
ERROR [portable_pty::win::psuedocon] CreateProcessW `"C:\\nvm4w\\nodejs\\npm run inngest:dev\0"` in cwd `Some("E:\\coisas\\SI\\projets\\saas-automation\\nodebase\0")` failed: %1 não é um aplicativo Win32 válido. (os error 193)
ERROR [portable_pty::win::psuedocon] CreateProcessW `"C:\\nvm4w\\nodejs\\npm run inngest:dev\0"` in cwd `Some("E:\\coisas\\SI\\projets\\saas-automation\\nodebase\0")` failed: %1 não é um aplicativo Win32 válido. (os error 193)
ERROR [portable_pty::win::psuedocon] CreateProcessW `"C:\\nvm4w\\nodejs\\npm run inngest:dev\0"` in cwd `Some("E:\\coisas\\SI\\projets\\saas-automation\\nodebase\0")` failed: %1 não é um aplicativo Win32 válido. (os error 193)
ERROR [portable_pty::win::psuedocon] CreateProcessW `"C:\\nvm4w\\nodejs\\npm run inngest:dev\0"` in cwd `Some("E:\\coisas\\SI\\projets\\saas-automation\\nodebase\0")` failed: %1 não é um aplicativo Win32 válido. (os error 193)
ERROR [portable_pty::win::psuedocon] CreateProcessW `"C:\\nvm4w\\nodejs\\npm run inngest:dev\0"` in cwd `Some("E:\\coisas\\SI\\projets\\saas-automation\\nodebase\0")` failed: %1 não é um aplicativo Win32 válido. (os error 193)
ERROR [portable_pty::win::psuedocon] CreateProcessW `"C:\\nvm4w\\nodejs\\npm run inngest:dev\0"` in cwd `Some("E:\\coisas\\SI\\projets\\saas-automation\\nodebase\0")` failed: %1 não é um aplicativo Win32 válido. (os error 193)
ERROR [portable_pty::win::psuedocon] CreateProcessW `"C:\\nvm4w\\nodejs\\npm run inngest:dev\0"` in cwd `Some("E:\\coisas\\SI\\projets\\saas-automation\\nodebase\0")` failed: %1 não é um aplicativo Win32 válido. (os error 193)
WARN [mprocs::app] Ignore input event: FocusLost
WARN [mprocs::app] Ignore input event: FocusGained
WARN [mprocs::app] Ignore input event: FocusLost
WARN [mprocs::app] Ignore input event: FocusGained
WARN [mprocs::app] Ignore input event: FocusLost
WARN [mprocs::app] Ignore input event: FocusGained
WARN [mprocs::app] Ignore input event: FocusLost
WARN [mprocs::app] Ignore input event: FocusGained
ERROR [mprocs::error] Error: channel closed
WARN [mprocs::app] Ignore input event: FocusLost
WARN [mprocs::app] Ignore input event: FocusGained
WARN [mprocs::app] Ignore input event: FocusLost
WARN [mprocs::app] Ignore input event: FocusGained
WARN [mprocs::app] Ignore input event: FocusLost
WARN [mprocs::app] Ignore input event: FocusGained
WARN [mprocs::app] Ignore input event: FocusLost
WARN [mprocs::app] Ignore input event: FocusGained
WARN [mprocs::app] Ignore input event: FocusLost
WARN [mprocs::app] Ignore input event: FocusGained
WARN [mprocs::app] Ignore input event: FocusLost
WARN [mprocs::app] Ignore input event: FocusGained
WARN [mprocs::app] Ignore input event: FocusLost
WARN [mprocs::app] Ignore input event: FocusGained
WARN [mprocs::app] Ignore input event: FocusLost
WARN [mprocs::app] Ignore input event: FocusGained
WARN [mprocs::app] Ignore input event: FocusLost
WARN [mprocs::app] Ignore input event: FocusGained
WARN [mprocs::app] Ignore input event: FocusLost
